<?xml version="1.0" encoding="UTF-8"?>
<testsuite name="demo.DemoControllerTest" tests="3" skipped="0" failures="0" errors="0" timestamp="2024-12-12T19:22:01" hostname="TRIUMPHT15V" time="0.021">
  <properties/>
  <testcase name="test action which renders text" classname="demo.DemoControllerTest" time="0.011"/>
  <testcase name="test invalid request method" classname="demo.DemoControllerTest" time="0.004"/>
  <testcase name="test valid request method" classname="demo.DemoControllerTest" time="0.005"/>
  <system-out><![CDATA[]]></system-out>
  <system-err><![CDATA[]]></system-err>
</testsuite>
