<?xml version="1.0" encoding="UTF-8"?>
<testsuite name="demo.ApplyTemplateWithoutReferringToTagLibPropertySpec" tests="1" skipped="0" failures="0" errors="0" timestamp="2024-12-12T19:21:59" hostname="TRIUMPHT15V" time="0.558">
  <properties/>
  <testcase name="test tags with applyTemplate without referring to tagLib anywhere in this spec" classname="demo.ApplyTemplateWithoutReferringToTagLibPropertySpec" time="0.558"/>
  <system-out><![CDATA[]]></system-out>
  <system-err><![CDATA[]]></system-err>
</testsuite>
