<?xml version="1.0" encoding="UTF-8"?>
<testsuite name="demo.UniqueConstraintOnHasOneSpec" tests="2" skipped="0" failures="0" errors="0" timestamp="2024-12-12T19:22:07" hostname="TRIUMPHT15V" time="0.058">
  <properties/>
  <testcase name="Foo's name should be unique" classname="demo.UniqueConstraintOnHasOneSpec" time="0.041"/>
  <testcase name="Foo's bar should be unique, but..." classname="demo.UniqueConstraintOnHasOneSpec" time="0.017"/>
  <system-out><![CDATA[]]></system-out>
  <system-err><![CDATA[]]></system-err>
</testsuite>
