<?xml version="1.0" encoding="UTF-8"?>
<testsuite name="demo.TestInterceptorSpec" tests="2" skipped="0" failures="0" errors="0" timestamp="2024-12-12T19:22:06" hostname="TRIUMPHT15V" time="0.062">
  <properties/>
  <testcase name="Test test interceptor matching" classname="demo.TestInterceptorSpec" time="0.048"/>
  <testcase name="Test controller execution with interceptors" classname="demo.TestInterceptorSpec" time="0.014"/>
  <system-out><![CDATA[]]></system-out>
  <system-err><![CDATA[]]></system-err>
</testsuite>
