<?xml version="1.0" encoding="UTF-8"?>
<testsuite name="grails.testing.spock.OnceBeforeSpec" tests="3" skipped="0" failures="0" errors="0" timestamp="2024-12-12T18:24:04" hostname="TRIUMPHT15V" time="0.014">
  <properties/>
  <testcase name="first test" classname="grails.testing.spock.OnceBeforeSpec" time="0.007"/>
  <testcase name="second test" classname="grails.testing.spock.OnceBeforeSpec" time="0.002"/>
  <testcase name="third test" classname="grails.testing.spock.OnceBeforeSpec" time="0.004"/>
  <system-out><![CDATA[]]></system-out>
  <system-err><![CDATA[]]></system-err>
</testsuite>
